2022/02/15-00:26:18 DEBUG [http-nio-9999-exec-9] com.jsh.erp.datasource.mappers.UserMapper.selectByExample - ==>  Preparing: SELECT id, username, login_name, password, position, department, email, phonenum, ismanager, isystem, Status, description, remark, tenant_id FROM jsh_user WHERE jsh_user.tenant_id = 63 AND (Status = ?) 
2022/02/15-00:26:18 DEBUG [http-nio-9999-exec-9] com.jsh.erp.datasource.mappers.UserMapper.selectByExample - ==> Parameters: 0(Byte)
2022/02/15-00:26:18 DEBUG [http-nio-9999-exec-9] com.jsh.erp.datasource.mappers.UserMapper.selectByExample - <==      Total: 4
2022/02/15-00:26:18 DEBUG [http-nio-9999-exec-4] com.jsh.erp.datasource.mappers.UserBusinessMapper.selectByExample - ==>  Preparing: SELECT id, type, key_id, value, btn_str, tenant_id, delete_flag FROM jsh_user_business WHERE (key_id = ? AND type = ? AND delete_flag <> ?) 
2022/02/15-00:26:18 DEBUG [http-nio-9999-exec-4] com.jsh.erp.datasource.mappers.UserBusinessMapper.selectByExample - ==> Parameters: 63(String), UserCustomer(String), 1(String)
2022/02/15-00:26:18 DEBUG [http-nio-9999-exec-10] com.jsh.erp.datasource.mappers.UserMapper.selectByPrimaryKey - ==>  Preparing: SELECT id, username, login_name, password, position, department, email, phonenum, ismanager, isystem, Status, description, remark, tenant_id FROM jsh_user WHERE jsh_user.tenant_id = 63 AND id = ? 
2022/02/15-00:26:18 DEBUG [http-nio-9999-exec-10] com.jsh.erp.datasource.mappers.UserMapper.selectByPrimaryKey - ==> Parameters: 63(Long)
2022/02/15-00:26:18 DEBUG [http-nio-9999-exec-4] com.jsh.erp.datasource.mappers.UserBusinessMapper.selectByExample - <==      Total: 1
2022/02/15-00:26:18 DEBUG [http-nio-9999-exec-4] com.jsh.erp.datasource.mappers.SupplierMapper.selectByExample - ==>  Preparing: SELECT id, supplier, contacts, phone_num, email, description, isystem, type, enabled, advance_in, begin_need_get, begin_need_pay, all_need_get, all_need_pay, fax, telephone, address, tax_num, bank_name, account_number, tax_rate, tenant_id, delete_flag FROM jsh_supplier WHERE jsh_supplier.tenant_id = 63 AND (type LIKE ? AND enabled = ? AND delete_flag <> ?) ORDER BY id DESC 
2022/02/15-00:26:18 DEBUG [http-nio-9999-exec-4] com.jsh.erp.datasource.mappers.SupplierMapper.selectByExample - ==> Parameters: 客户(String), true(Boolean), 1(String)
2022/02/15-00:26:18 DEBUG [http-nio-9999-exec-10] com.jsh.erp.datasource.mappers.UserMapper.selectByPrimaryKey - <==      Total: 1
2022/02/15-00:26:18 DEBUG [http-nio-9999-exec-4] com.jsh.erp.datasource.mappers.SupplierMapper.selectByExample - <==      Total: 4
2022/02/15-00:26:18 DEBUG [http-nio-9999-exec-4] com.jsh.erp.datasource.mappers.SystemConfigMapper.selectByExample - ==>  Preparing: SELECT id, company_name, company_contacts, company_address, company_tel, company_fax, company_post_code, depot_flag, customer_flag, minus_stock_flag, tenant_id, delete_flag FROM jsh_system_config WHERE jsh_system_config.tenant_id = 63 AND (delete_flag <> ?) 
2022/02/15-00:26:18 DEBUG [http-nio-9999-exec-4] com.jsh.erp.datasource.mappers.SystemConfigMapper.selectByExample - ==> Parameters: 1(String)
2022/02/15-00:26:18 DEBUG [http-nio-9999-exec-10] com.jsh.erp.datasource.mappers.PersonMapper.selectByExample - ==>  Preparing: SELECT id, type, name, tenant_id, delete_flag FROM jsh_person WHERE jsh_person.tenant_id = 63 AND (delete_flag <> ?) 
2022/02/15-00:26:18 DEBUG [http-nio-9999-exec-10] com.jsh.erp.datasource.mappers.PersonMapper.selectByExample - ==> Parameters: 1(String)
2022/02/15-00:26:18 DEBUG [http-nio-9999-exec-4] com.jsh.erp.datasource.mappers.SystemConfigMapper.selectByExample - <==      Total: 1
2022/02/15-00:26:18 DEBUG [http-nio-9999-exec-10] com.jsh.erp.datasource.mappers.PersonMapper.selectByExample - <==      Total: 4
2022/02/15-00:26:18 DEBUG [http-nio-9999-exec-10] com.jsh.erp.datasource.mappers.AccountMapper.selectByExample - ==>  Preparing: SELECT id, name, serial_no, initial_amount, current_amount, remark, is_default, tenant_id, delete_flag FROM jsh_account WHERE jsh_account.tenant_id = 63 AND (delete_flag <> ?) 
2022/02/15-00:26:18 DEBUG [http-nio-9999-exec-10] com.jsh.erp.datasource.mappers.AccountMapper.selectByExample - ==> Parameters: 1(String)
2022/02/15-00:26:18 DEBUG [http-nio-9999-exec-10] com.jsh.erp.datasource.mappers.AccountMapper.selectByExample - <==      Total: 2
2022/02/15-00:26:18 DEBUG [http-nio-9999-exec-10] com.jsh.erp.datasource.mappers.DepotHeadMapperEx.selectByConditionDepotHead - ==>  Preparing: SELECT DISTINCT dh.*, s.supplier organName, u.username userName, a.name AccountName FROM jsh_depot_head dh LEFT JOIN jsh_supplier s ON s.tenant_id = 63 AND dh.organ_id = s.id AND ifnull(s.delete_Flag, '0') != '1' LEFT JOIN jsh_user u ON u.tenant_id = 63 AND dh.creator = u.id AND ifnull(u.Status, '0') != '1' LEFT JOIN jsh_account a ON a.tenant_id = 63 AND dh.account_id = a.id AND ifnull(a.delete_Flag, '0') != '1' LEFT JOIN jsh_depot_item di ON di.tenant_id = 63 AND dh.id = di.header_id AND ifnull(di.delete_flag, '0') != '1' LEFT JOIN jsh_material m ON m.tenant_id = 63 AND di.material_id = m.id AND ifnull(m.delete_flag, '0') != '1' LEFT JOIN jsh_material_extend me ON me.tenant_id = 63 AND di.material_extend_id = me.id AND ifnull(me.delete_flag, '0') != '1' WHERE dh.tenant_id = 63 AND 1 = 1 AND dh.type = ? AND dh.sub_type = ? AND ifnull(dh.delete_flag, '0') != '1' ORDER BY dh.id DESC LIMIT ?, ? 
2022/02/15-00:26:18 DEBUG [http-nio-9999-exec-10] com.jsh.erp.datasource.mappers.DepotHeadMapperEx.selectByConditionDepotHead - ==> Parameters: 其它(String), 采购订单(String), 0(Integer), 10(Integer)
2022/02/15-00:26:18 DEBUG [http-nio-9999-exec-10] com.jsh.erp.datasource.mappers.DepotHeadMapperEx.selectByConditionDepotHead - <==      Total: 5
2022/02/15-00:26:18 DEBUG [http-nio-9999-exec-10] com.jsh.erp.datasource.mappers.DepotHeadMapperEx.findMaterialsListByHeaderId - ==>  Preparing: SELECT GROUP_CONCAT(concat(jsh_material.name, ' ', ifnull(jsh_material.standard, ''), ' ', ifnull(jsh_material.model, ''))) AS mName FROM jsh_depot_item LEFT JOIN jsh_material ON jsh_material.tenant_id = 63 AND jsh_depot_item.material_id = jsh_material.Id AND ifnull(jsh_material.delete_Flag, '0') != '1' WHERE jsh_depot_item.tenant_id = 63 AND jsh_depot_item.header_id = ? AND ifnull(jsh_depot_item.delete_flag, '0') != '1' 
2022/02/15-00:26:18 DEBUG [http-nio-9999-exec-10] com.jsh.erp.datasource.mappers.DepotHeadMapperEx.findMaterialsListByHeaderId - ==> Parameters: 278(Long)
2022/02/15-00:26:18 DEBUG [http-nio-9999-exec-10] com.jsh.erp.datasource.mappers.DepotHeadMapperEx.findMaterialsListByHeaderId - <==      Total: 1
2022/02/15-00:26:18 DEBUG [http-nio-9999-exec-10] com.jsh.erp.datasource.mappers.DepotHeadMapperEx.findMaterialsListByHeaderId - ==>  Preparing: SELECT GROUP_CONCAT(concat(jsh_material.name, ' ', ifnull(jsh_material.standard, ''), ' ', ifnull(jsh_material.model, ''))) AS mName FROM jsh_depot_item LEFT JOIN jsh_material ON jsh_material.tenant_id = 63 AND jsh_depot_item.material_id = jsh_material.Id AND ifnull(jsh_material.delete_Flag, '0') != '1' WHERE jsh_depot_item.tenant_id = 63 AND jsh_depot_item.header_id = ? AND ifnull(jsh_depot_item.delete_flag, '0') != '1' 
2022/02/15-00:26:18 DEBUG [http-nio-9999-exec-10] com.jsh.erp.datasource.mappers.DepotHeadMapperEx.findMaterialsListByHeaderId - ==> Parameters: 276(Long)
2022/02/15-00:26:18 DEBUG [http-nio-9999-exec-10] com.jsh.erp.datasource.mappers.DepotHeadMapperEx.findMaterialsListByHeaderId - <==      Total: 1
2022/02/15-00:26:18 DEBUG [http-nio-9999-exec-10] com.jsh.erp.datasource.mappers.DepotHeadMapperEx.findMaterialsListByHeaderId - ==>  Preparing: SELECT GROUP_CONCAT(concat(jsh_material.name, ' ', ifnull(jsh_material.standard, ''), ' ', ifnull(jsh_material.model, ''))) AS mName FROM jsh_depot_item LEFT JOIN jsh_material ON jsh_material.tenant_id = 63 AND jsh_depot_item.material_id = jsh_material.Id AND ifnull(jsh_material.delete_Flag, '0') != '1' WHERE jsh_depot_item.tenant_id = 63 AND jsh_depot_item.header_id = ? AND ifnull(jsh_depot_item.delete_flag, '0') != '1' 
2022/02/15-00:26:18 DEBUG [http-nio-9999-exec-10] com.jsh.erp.datasource.mappers.DepotHeadMapperEx.findMaterialsListByHeaderId - ==> Parameters: 275(Long)
2022/02/15-00:26:18 DEBUG [http-nio-9999-exec-10] com.jsh.erp.datasource.mappers.DepotHeadMapperEx.findMaterialsListByHeaderId - <==      Total: 1
2022/02/15-00:26:18 DEBUG [http-nio-9999-exec-10] com.jsh.erp.datasource.mappers.DepotHeadMapperEx.findMaterialsListByHeaderId - ==>  Preparing: SELECT GROUP_CONCAT(concat(jsh_material.name, ' ', ifnull(jsh_material.standard, ''), ' ', ifnull(jsh_material.model, ''))) AS mName FROM jsh_depot_item LEFT JOIN jsh_material ON jsh_material.tenant_id = 63 AND jsh_depot_item.material_id = jsh_material.Id AND ifnull(jsh_material.delete_Flag, '0') != '1' WHERE jsh_depot_item.tenant_id = 63 AND jsh_depot_item.header_id = ? AND ifnull(jsh_depot_item.delete_flag, '0') != '1' 
2022/02/15-00:26:18 DEBUG [http-nio-9999-exec-10] com.jsh.erp.datasource.mappers.DepotHeadMapperEx.findMaterialsListByHeaderId - ==> Parameters: 274(Long)
2022/02/15-00:26:18 DEBUG [http-nio-9999-exec-10] com.jsh.erp.datasource.mappers.DepotHeadMapperEx.findMaterialsListByHeaderId - <==      Total: 1
2022/02/15-00:26:18 DEBUG [http-nio-9999-exec-10] com.jsh.erp.datasource.mappers.DepotHeadMapperEx.findMaterialsListByHeaderId - ==>  Preparing: SELECT GROUP_CONCAT(concat(jsh_material.name, ' ', ifnull(jsh_material.standard, ''), ' ', ifnull(jsh_material.model, ''))) AS mName FROM jsh_depot_item LEFT JOIN jsh_material ON jsh_material.tenant_id = 63 AND jsh_depot_item.material_id = jsh_material.Id AND ifnull(jsh_material.delete_Flag, '0') != '1' WHERE jsh_depot_item.tenant_id = 63 AND jsh_depot_item.header_id = ? AND ifnull(jsh_depot_item.delete_flag, '0') != '1' 
2022/02/15-00:26:18 DEBUG [http-nio-9999-exec-10] com.jsh.erp.datasource.mappers.DepotHeadMapperEx.findMaterialsListByHeaderId - ==> Parameters: 258(Long)
2022/02/15-00:26:18 DEBUG [http-nio-9999-exec-10] com.jsh.erp.datasource.mappers.DepotHeadMapperEx.findMaterialsListByHeaderId - <==      Total: 1
2022/02/15-00:26:18 DEBUG [http-nio-9999-exec-10] com.jsh.erp.datasource.mappers.UserMapper.selectByPrimaryKey - ==>  Preparing: SELECT id, username, login_name, password, position, department, email, phonenum, ismanager, isystem, Status, description, remark, tenant_id FROM jsh_user WHERE jsh_user.tenant_id = 63 AND id = ? 
2022/02/15-00:26:18 DEBUG [http-nio-9999-exec-10] com.jsh.erp.datasource.mappers.UserMapper.selectByPrimaryKey - ==> Parameters: 63(Long)
2022/02/15-00:26:18 DEBUG [http-nio-9999-exec-10] com.jsh.erp.datasource.mappers.UserMapper.selectByPrimaryKey - <==      Total: 1
2022/02/15-00:26:18 DEBUG [http-nio-9999-exec-10] com.jsh.erp.datasource.mappers.DepotHeadMapperEx.countsByDepotHead - ==>  Preparing: SELECT COUNT(1) FROM (SELECT DISTINCT dh.* FROM jsh_depot_head dh LEFT JOIN jsh_depot_item di ON di.tenant_id = 63 AND dh.Id = di.header_id AND ifnull(di.delete_flag, '0') != '1' LEFT JOIN jsh_material m ON m.tenant_id = 63 AND di.material_id = m.Id AND ifnull(m.delete_Flag, '0') != '1' LEFT JOIN jsh_material_extend me ON me.tenant_id = 63 AND di.material_extend_id = me.id AND ifnull(me.delete_flag, '0') != '1' WHERE dh.tenant_id = 63 AND 1 = 1 AND dh.type = ? AND dh.sub_type = ? AND ifnull(dh.delete_Flag, '0') != '1') tb 
2022/02/15-00:26:18 DEBUG [http-nio-9999-exec-10] com.jsh.erp.datasource.mappers.DepotHeadMapperEx.countsByDepotHead - ==> Parameters: 其它(String), 采购订单(String)
2022/02/15-00:26:18 DEBUG [http-nio-9999-exec-10] com.jsh.erp.datasource.mappers.DepotHeadMapperEx.countsByDepotHead - <==      Total: 1
2022/02/15-00:26:25 DEBUG [http-nio-9999-exec-1] com.jsh.erp.datasource.mappers.UserMapper.selectByExample - ==>  Preparing: SELECT id, username, login_name, password, position, department, email, phonenum, ismanager, isystem, Status, description, remark, tenant_id FROM jsh_user WHERE jsh_user.tenant_id = 63 AND (Status = ?) 
2022/02/15-00:26:25 DEBUG [http-nio-9999-exec-1] com.jsh.erp.datasource.mappers.UserMapper.selectByExample - ==> Parameters: 0(Byte)
2022/02/15-00:26:25 DEBUG [http-nio-9999-exec-1] com.jsh.erp.datasource.mappers.UserMapper.selectByExample - <==      Total: 4
2022/02/15-00:26:25 DEBUG [http-nio-9999-exec-8] com.jsh.erp.datasource.mappers.UserMapper.selectByPrimaryKey - ==>  Preparing: SELECT id, username, login_name, password, position, department, email, phonenum, ismanager, isystem, Status, description, remark, tenant_id FROM jsh_user WHERE jsh_user.tenant_id = 63 AND id = ? 
2022/02/15-00:26:25 DEBUG [http-nio-9999-exec-8] com.jsh.erp.datasource.mappers.UserMapper.selectByPrimaryKey - ==> Parameters: 63(Long)
2022/02/15-00:26:25 DEBUG [http-nio-9999-exec-2] com.jsh.erp.datasource.mappers.UserBusinessMapper.selectByExample - ==>  Preparing: SELECT id, type, key_id, value, btn_str, tenant_id, delete_flag FROM jsh_user_business WHERE (key_id = ? AND type = ? AND delete_flag <> ?) 
2022/02/15-00:26:25 DEBUG [http-nio-9999-exec-2] com.jsh.erp.datasource.mappers.UserBusinessMapper.selectByExample - ==> Parameters: 63(String), UserCustomer(String), 1(String)
2022/02/15-00:26:25 DEBUG [http-nio-9999-exec-8] com.jsh.erp.datasource.mappers.UserMapper.selectByPrimaryKey - <==      Total: 1
2022/02/15-00:26:25 DEBUG [http-nio-9999-exec-8] com.jsh.erp.datasource.mappers.PersonMapper.selectByExample - ==>  Preparing: SELECT id, type, name, tenant_id, delete_flag FROM jsh_person WHERE jsh_person.tenant_id = 63 AND (delete_flag <> ?) 
2022/02/15-00:26:25 DEBUG [http-nio-9999-exec-8] com.jsh.erp.datasource.mappers.PersonMapper.selectByExample - ==> Parameters: 1(String)
2022/02/15-00:26:25 DEBUG [http-nio-9999-exec-2] com.jsh.erp.datasource.mappers.UserBusinessMapper.selectByExample - <==      Total: 1
2022/02/15-00:26:25 DEBUG [http-nio-9999-exec-2] com.jsh.erp.datasource.mappers.SupplierMapper.selectByExample - ==>  Preparing: SELECT id, supplier, contacts, phone_num, email, description, isystem, type, enabled, advance_in, begin_need_get, begin_need_pay, all_need_get, all_need_pay, fax, telephone, address, tax_num, bank_name, account_number, tax_rate, tenant_id, delete_flag FROM jsh_supplier WHERE jsh_supplier.tenant_id = 63 AND (type LIKE ? AND enabled = ? AND delete_flag <> ?) ORDER BY id DESC 
2022/02/15-00:26:25 DEBUG [http-nio-9999-exec-2] com.jsh.erp.datasource.mappers.SupplierMapper.selectByExample - ==> Parameters: 客户(String), true(Boolean), 1(String)
2022/02/15-00:26:25 DEBUG [http-nio-9999-exec-8] com.jsh.erp.datasource.mappers.PersonMapper.selectByExample - <==      Total: 4
2022/02/15-00:26:25 DEBUG [http-nio-9999-exec-8] com.jsh.erp.datasource.mappers.AccountMapper.selectByExample - ==>  Preparing: SELECT id, name, serial_no, initial_amount, current_amount, remark, is_default, tenant_id, delete_flag FROM jsh_account WHERE jsh_account.tenant_id = 63 AND (delete_flag <> ?) 
2022/02/15-00:26:25 DEBUG [http-nio-9999-exec-8] com.jsh.erp.datasource.mappers.AccountMapper.selectByExample - ==> Parameters: 1(String)
2022/02/15-00:26:25 DEBUG [http-nio-9999-exec-2] com.jsh.erp.datasource.mappers.SupplierMapper.selectByExample - <==      Total: 4
2022/02/15-00:26:25 DEBUG [http-nio-9999-exec-2] com.jsh.erp.datasource.mappers.SystemConfigMapper.selectByExample - ==>  Preparing: SELECT id, company_name, company_contacts, company_address, company_tel, company_fax, company_post_code, depot_flag, customer_flag, minus_stock_flag, tenant_id, delete_flag FROM jsh_system_config WHERE jsh_system_config.tenant_id = 63 AND (delete_flag <> ?) 
2022/02/15-00:26:25 DEBUG [http-nio-9999-exec-2] com.jsh.erp.datasource.mappers.SystemConfigMapper.selectByExample - ==> Parameters: 1(String)
2022/02/15-00:26:25 DEBUG [http-nio-9999-exec-8] com.jsh.erp.datasource.mappers.AccountMapper.selectByExample - <==      Total: 2
2022/02/15-00:26:25 DEBUG [http-nio-9999-exec-2] com.jsh.erp.datasource.mappers.SystemConfigMapper.selectByExample - <==      Total: 1
2022/02/15-00:26:25 DEBUG [http-nio-9999-exec-8] com.jsh.erp.datasource.mappers.DepotHeadMapperEx.selectByConditionDepotHead - ==>  Preparing: SELECT DISTINCT dh.*, s.supplier organName, u.username userName, a.name AccountName FROM jsh_depot_head dh LEFT JOIN jsh_supplier s ON s.tenant_id = 63 AND dh.organ_id = s.id AND ifnull(s.delete_Flag, '0') != '1' LEFT JOIN jsh_user u ON u.tenant_id = 63 AND dh.creator = u.id AND ifnull(u.Status, '0') != '1' LEFT JOIN jsh_account a ON a.tenant_id = 63 AND dh.account_id = a.id AND ifnull(a.delete_Flag, '0') != '1' LEFT JOIN jsh_depot_item di ON di.tenant_id = 63 AND dh.id = di.header_id AND ifnull(di.delete_flag, '0') != '1' LEFT JOIN jsh_material m ON m.tenant_id = 63 AND di.material_id = m.id AND ifnull(m.delete_flag, '0') != '1' LEFT JOIN jsh_material_extend me ON me.tenant_id = 63 AND di.material_extend_id = me.id AND ifnull(me.delete_flag, '0') != '1' WHERE dh.tenant_id = 63 AND 1 = 1 AND dh.type = ? AND dh.sub_type = ? AND ifnull(dh.delete_flag, '0') != '1' ORDER BY dh.id DESC LIMIT ?, ? 
2022/02/15-00:26:25 DEBUG [http-nio-9999-exec-8] com.jsh.erp.datasource.mappers.DepotHeadMapperEx.selectByConditionDepotHead - ==> Parameters: 其它(String), 采购订单(String), 0(Integer), 10(Integer)
2022/02/15-00:26:25 DEBUG [http-nio-9999-exec-8] com.jsh.erp.datasource.mappers.DepotHeadMapperEx.selectByConditionDepotHead - <==      Total: 5
2022/02/15-00:26:25 DEBUG [http-nio-9999-exec-8] com.jsh.erp.datasource.mappers.DepotHeadMapperEx.findMaterialsListByHeaderId - ==>  Preparing: SELECT GROUP_CONCAT(concat(jsh_material.name, ' ', ifnull(jsh_material.standard, ''), ' ', ifnull(jsh_material.model, ''))) AS mName FROM jsh_depot_item LEFT JOIN jsh_material ON jsh_material.tenant_id = 63 AND jsh_depot_item.material_id = jsh_material.Id AND ifnull(jsh_material.delete_Flag, '0') != '1' WHERE jsh_depot_item.tenant_id = 63 AND jsh_depot_item.header_id = ? AND ifnull(jsh_depot_item.delete_flag, '0') != '1' 
2022/02/15-00:26:25 DEBUG [http-nio-9999-exec-8] com.jsh.erp.datasource.mappers.DepotHeadMapperEx.findMaterialsListByHeaderId - ==> Parameters: 278(Long)
2022/02/15-00:26:25 DEBUG [http-nio-9999-exec-8] com.jsh.erp.datasource.mappers.DepotHeadMapperEx.findMaterialsListByHeaderId - <==      Total: 1
2022/02/15-00:26:25 DEBUG [http-nio-9999-exec-8] com.jsh.erp.datasource.mappers.DepotHeadMapperEx.findMaterialsListByHeaderId - ==>  Preparing: SELECT GROUP_CONCAT(concat(jsh_material.name, ' ', ifnull(jsh_material.standard, ''), ' ', ifnull(jsh_material.model, ''))) AS mName FROM jsh_depot_item LEFT JOIN jsh_material ON jsh_material.tenant_id = 63 AND jsh_depot_item.material_id = jsh_material.Id AND ifnull(jsh_material.delete_Flag, '0') != '1' WHERE jsh_depot_item.tenant_id = 63 AND jsh_depot_item.header_id = ? AND ifnull(jsh_depot_item.delete_flag, '0') != '1' 
2022/02/15-00:26:25 DEBUG [http-nio-9999-exec-8] com.jsh.erp.datasource.mappers.DepotHeadMapperEx.findMaterialsListByHeaderId - ==> Parameters: 276(Long)
2022/02/15-00:26:25 DEBUG [http-nio-9999-exec-8] com.jsh.erp.datasource.mappers.DepotHeadMapperEx.findMaterialsListByHeaderId - <==      Total: 1
2022/02/15-00:26:25 DEBUG [http-nio-9999-exec-8] com.jsh.erp.datasource.mappers.DepotHeadMapperEx.findMaterialsListByHeaderId - ==>  Preparing: SELECT GROUP_CONCAT(concat(jsh_material.name, ' ', ifnull(jsh_material.standard, ''), ' ', ifnull(jsh_material.model, ''))) AS mName FROM jsh_depot_item LEFT JOIN jsh_material ON jsh_material.tenant_id = 63 AND jsh_depot_item.material_id = jsh_material.Id AND ifnull(jsh_material.delete_Flag, '0') != '1' WHERE jsh_depot_item.tenant_id = 63 AND jsh_depot_item.header_id = ? AND ifnull(jsh_depot_item.delete_flag, '0') != '1' 
2022/02/15-00:26:25 DEBUG [http-nio-9999-exec-8] com.jsh.erp.datasource.mappers.DepotHeadMapperEx.findMaterialsListByHeaderId - ==> Parameters: 275(Long)
2022/02/15-00:26:25 DEBUG [http-nio-9999-exec-8] com.jsh.erp.datasource.mappers.DepotHeadMapperEx.findMaterialsListByHeaderId - <==      Total: 1
2022/02/15-00:26:25 DEBUG [http-nio-9999-exec-8] com.jsh.erp.datasource.mappers.DepotHeadMapperEx.findMaterialsListByHeaderId - ==>  Preparing: SELECT GROUP_CONCAT(concat(jsh_material.name, ' ', ifnull(jsh_material.standard, ''), ' ', ifnull(jsh_material.model, ''))) AS mName FROM jsh_depot_item LEFT JOIN jsh_material ON jsh_material.tenant_id = 63 AND jsh_depot_item.material_id = jsh_material.Id AND ifnull(jsh_material.delete_Flag, '0') != '1' WHERE jsh_depot_item.tenant_id = 63 AND jsh_depot_item.header_id = ? AND ifnull(jsh_depot_item.delete_flag, '0') != '1' 
2022/02/15-00:26:25 DEBUG [http-nio-9999-exec-8] com.jsh.erp.datasource.mappers.DepotHeadMapperEx.findMaterialsListByHeaderId - ==> Parameters: 274(Long)
2022/02/15-00:26:25 DEBUG [http-nio-9999-exec-8] com.jsh.erp.datasource.mappers.DepotHeadMapperEx.findMaterialsListByHeaderId - <==      Total: 1
2022/02/15-00:26:25 DEBUG [http-nio-9999-exec-8] com.jsh.erp.datasource.mappers.DepotHeadMapperEx.findMaterialsListByHeaderId - ==>  Preparing: SELECT GROUP_CONCAT(concat(jsh_material.name, ' ', ifnull(jsh_material.standard, ''), ' ', ifnull(jsh_material.model, ''))) AS mName FROM jsh_depot_item LEFT JOIN jsh_material ON jsh_material.tenant_id = 63 AND jsh_depot_item.material_id = jsh_material.Id AND ifnull(jsh_material.delete_Flag, '0') != '1' WHERE jsh_depot_item.tenant_id = 63 AND jsh_depot_item.header_id = ? AND ifnull(jsh_depot_item.delete_flag, '0') != '1' 
2022/02/15-00:26:25 DEBUG [http-nio-9999-exec-8] com.jsh.erp.datasource.mappers.DepotHeadMapperEx.findMaterialsListByHeaderId - ==> Parameters: 258(Long)
2022/02/15-00:26:25 DEBUG [http-nio-9999-exec-8] com.jsh.erp.datasource.mappers.DepotHeadMapperEx.findMaterialsListByHeaderId - <==      Total: 1
2022/02/15-00:26:25 DEBUG [http-nio-9999-exec-8] com.jsh.erp.datasource.mappers.UserMapper.selectByPrimaryKey - ==>  Preparing: SELECT id, username, login_name, password, position, department, email, phonenum, ismanager, isystem, Status, description, remark, tenant_id FROM jsh_user WHERE jsh_user.tenant_id = 63 AND id = ? 
2022/02/15-00:26:25 DEBUG [http-nio-9999-exec-8] com.jsh.erp.datasource.mappers.UserMapper.selectByPrimaryKey - ==> Parameters: 63(Long)
2022/02/15-00:26:25 DEBUG [http-nio-9999-exec-8] com.jsh.erp.datasource.mappers.UserMapper.selectByPrimaryKey - <==      Total: 1
2022/02/15-00:26:25 DEBUG [http-nio-9999-exec-8] com.jsh.erp.datasource.mappers.DepotHeadMapperEx.countsByDepotHead - ==>  Preparing: SELECT COUNT(1) FROM (SELECT DISTINCT dh.* FROM jsh_depot_head dh LEFT JOIN jsh_depot_item di ON di.tenant_id = 63 AND dh.Id = di.header_id AND ifnull(di.delete_flag, '0') != '1' LEFT JOIN jsh_material m ON m.tenant_id = 63 AND di.material_id = m.Id AND ifnull(m.delete_Flag, '0') != '1' LEFT JOIN jsh_material_extend me ON me.tenant_id = 63 AND di.material_extend_id = me.id AND ifnull(me.delete_flag, '0') != '1' WHERE dh.tenant_id = 63 AND 1 = 1 AND dh.type = ? AND dh.sub_type = ? AND ifnull(dh.delete_Flag, '0') != '1') tb 
2022/02/15-00:26:25 DEBUG [http-nio-9999-exec-8] com.jsh.erp.datasource.mappers.DepotHeadMapperEx.countsByDepotHead - ==> Parameters: 其它(String), 采购订单(String)
2022/02/15-00:26:25 DEBUG [http-nio-9999-exec-8] com.jsh.erp.datasource.mappers.DepotHeadMapperEx.countsByDepotHead - <==      Total: 1
